<?xml version="1.0" encoding="UTF-8"?>
<!-- Generated by org.testng.reporters.JUnitReportReporter -->
<testsuite hostname="LAPTOP-JU7ML5C7" failures="0" tests="1" name="testcase.MyFirstTestFW" time="9.745" errors="0" timestamp="2024-08-01T22:37:20 IST" skipped="0">
  <testcase classname="testcase.MyFirstTestFW" name="LoginTest" time="9.745"/>
</testsuite> <!-- testcase.MyFirstTestFW -->
